<test-run id="2" testcasecount="0" result="Passed" start-time="2024-06-07 14:27:22.977177" end-time="2024-06-07 14:27:23.000074" duration="0" total="0" passed="0" failed="0" inconclusive="0" skipped="0" asserts="0" clr-version="3.11.9 (tags/v3.11.9:de54cf5, Apr  2 2024, 10:12:12) [MSC v.1938 64 bit (AMD64)]" engine-version="3.6.2"><command-line>C:\Users\seyom\Stock-Prediction-using-API\env\Scripts\pytest</command-line><filter /></test-run>